<?xml version="1.0" encoding="UTF-8"?>
<!-- Generated by org.testng.reporters.JUnitReportReporter -->
<testsuite hostname="DESKTOP-FUGQNF4" failures="0" tests="1" name="com.hrms.testscripts.TC001" time="5.145" errors="0" timestamp="14 Apr 2023 11:28:25 GMT">
  <testcase classname="com.hrms.testscripts.TC001" name="tc001" time="5.145"/>
</testsuite> <!-- com.hrms.testscripts.TC001 -->
